<?xml version="1.0" encoding="UTF-8"?>
<!-- Generated by org.testng.reporters.JUnitReportReporter -->
<testsuite hostname="DESKTOP-S19VPVL" failures="0" tests="1" name="com.spryhealth.testcases.CheckPNR" time="4.911" errors="0" timestamp="17 Sep 2022 13:47:14 GMT" skipped="0">
  <testcase classname="com.spryhealth.testcases.CheckPNR" name="OpenURl" time="4.911"/>
</testsuite> <!-- com.spryhealth.testcases.CheckPNR -->
